-------------------------------------------------------------------------------
Test set: com.portfolio.cap.Security.Service.UserDetailsImplTest
-------------------------------------------------------------------------------
Tests run: 1, Failures: 1, Errors: 0, Skipped: 0, Time elapsed: 0.002 sec <<< FAILURE! - in com.portfolio.cap.Security.Service.UserDetailsImplTest
com.portfolio.cap.Security.Service.UserDetailsImplTest.testLoadUserByUsername()  Time elapsed: 0.002 sec  <<< FAILURE!
java.lang.NullPointerException
	at com.portfolio.cap.Security.Service.UserDetailsImpl.loadUserByUsername(UserDetailsImpl.java:27)
	at com.portfolio.cap.Security.Service.UserDetailsImplTest.testLoadUserByUsername(UserDetailsImplTest.java:50)

